/usr/bin/ld: /usr/lib/gcc/x86_64-linux-gnu/9/../../../x86_64-linux-gnu/Scrt1.o: in function `_start':
(.text+0x24): undefined reference to `main'
collect2: error: ld returned 1 exit status
make[2]: *** [CMakeFiles/t265_handle.dir/build.make:101: /home/pino/pino_ws/sercure_service/catkin_ws/devel/.private/peripherals_handle/lib/peripherals_handle/t265_handle] Error 1
make[1]: *** [CMakeFiles/Makefile2:187: CMakeFiles/t265_handle.dir/all] Error 2
make[1]: *** Waiting for unfinished jobs....
/usr/bin/ld: /usr/lib/gcc/x86_64-linux-gnu/9/../../../x86_64-linux-gnu/Scrt1.o: in function `_start':
(.text+0x24): undefined reference to `main'
collect2: error: ld returned 1 exit status
make[2]: *** [CMakeFiles/flir_handle.dir/build.make:101: /home/pino/pino_ws/sercure_service/catkin_ws/devel/.private/peripherals_handle/lib/peripherals_handle/flir_handle] Error 1
make[1]: *** [CMakeFiles/Makefile2:214: CMakeFiles/flir_handle.dir/all] Error 2
/usr/bin/ld: /usr/lib/gcc/x86_64-linux-gnu/9/../../../x86_64-linux-gnu/Scrt1.o: in function `_start':
(.text+0x24): undefined reference to `main'
collect2: error: ld returned 1 exit status
/usr/bin/ld: /usr/lib/gcc/x86_64-linux-gnu/9/../../../x86_64-linux-gnu/Scrt1.o: in function `_start':
(.text+0x24): undefined reference to `main'
collect2: error: ld returned 1 exit status
make[2]: *** [CMakeFiles/lidar_handle.dir/build.make:101: /home/pino/pino_ws/sercure_service/catkin_ws/devel/.private/peripherals_handle/lib/peripherals_handle/lidar_handle] Error 1
make[1]: *** [CMakeFiles/Makefile2:943: CMakeFiles/lidar_handle.dir/all] Error 2
make[2]: *** [CMakeFiles/d455_handle.dir/build.make:101: /home/pino/pino_ws/sercure_service/catkin_ws/devel/.private/peripherals_handle/lib/peripherals_handle/d455_handle] Error 1
make[1]: *** [CMakeFiles/Makefile2:241: CMakeFiles/d455_handle.dir/all] Error 2
make: *** [Makefile:141: all] Error 2
