[35m[1mScanning dependencies of target peripherals_handle[0m
[ 12%] [32mBuilding CXX object CMakeFiles/peripherals_handle.dir/src/peripherals_handle_lib.cpp.o[0m
[ 25%] [32m[1mLinking CXX shared library /home/pino/pino_ws/sercure_service/catkin_ws/devel/.private/peripherals_handle/lib/libperipherals_handle.so[0m
[ 25%] Built target peripherals_handle
[35m[1mScanning dependencies of target t265_handle[0m
[35m[1mScanning dependencies of target d455_handle[0m
[35m[1mScanning dependencies of target flir_handle[0m
[ 37%] [32mBuilding CXX object CMakeFiles/t265_handle.dir/src/t265_handle.cpp.o[0m
[ 50%] [32mBuilding CXX object CMakeFiles/flir_handle.dir/src/flir_handle.cpp.o[0m
[ 62%] [32mBuilding CXX object CMakeFiles/d455_handle.dir/src/d455_handle.cpp.o[0m
[01m[K/home/pino/pino_ws/sercure_service/catkin_ws/src/peripherals_handle/src/d455_handle.cpp:[m[K In function ‘[01m[Kvoid D455Callback(const ConstPtr&)[m[K’:
[01m[K/home/pino/pino_ws/sercure_service/catkin_ws/src/peripherals_handle/src/d455_handle.cpp:17:55:[m[K [01;31m[Kerror: [m[Kinvalid initialization of reference of type ‘[01m[Kconst ConstPtr&[m[K’ {aka ‘[01m[Kconst boost::shared_ptr<const sensor_msgs::Image_<std::allocator<void> > >&[m[K’} from expression of type ‘[01m[Kconst sensor_msgs::Image_<std::allocator<void> >[m[K’
   17 |     std::cout << "D455 Camera status: " << D455_exist([01;31m[K*msg[m[K) << std::endl;
      |                                                       [01;31m[K^~~~[m[K
In file included from [01m[K/home/pino/pino_ws/sercure_service/catkin_ws/src/peripherals_handle/src/d455_handle.cpp:1[m[K:
[01m[K/home/pino/pino_ws/sercure_service/catkin_ws/src/peripherals_handle/include/peripherals_handle/peripherals_handle_lib.h:35:52:[m[K [01;36m[Knote: [m[Kin passing argument 1 of ‘[01m[Kint D455_exist(const ConstPtr&)[m[K’
   35 | int D455_exist([01;36m[Kconst sensor_msgs::Image::ConstPtr &msg[m[K);
      |                [01;36m[K~~~~~~~~~~~~~~~~~~~~~~~~~~~~~~~~~~~~^~~[m[K
[01m[K/home/pino/pino_ws/sercure_service/catkin_ws/src/peripherals_handle/src/d455_handle.cpp:20:40:[m[K [01;31m[Kerror: [m[Kinvalid initialization of reference of type ‘[01m[Kconst ConstPtr&[m[K’ {aka ‘[01m[Kconst boost::shared_ptr<const sensor_msgs::Image_<std::allocator<void> > >&[m[K’} from expression of type ‘[01m[Kconst sensor_msgs::Image_<std::allocator<void> >[m[K’
   20 |     ss << "CAM_FORWARD " << D455_exist([01;31m[K*msg[m[K) << std::endl;
      |                                        [01;31m[K^~~~[m[K
In file included from [01m[K/home/pino/pino_ws/sercure_service/catkin_ws/src/peripherals_handle/src/d455_handle.cpp:1[m[K:
[01m[K/home/pino/pino_ws/sercure_service/catkin_ws/src/peripherals_handle/include/peripherals_handle/peripherals_handle_lib.h:35:52:[m[K [01;36m[Knote: [m[Kin passing argument 1 of ‘[01m[Kint D455_exist(const ConstPtr&)[m[K’
   35 | int D455_exist([01;36m[Kconst sensor_msgs::Image::ConstPtr &msg[m[K);
      |                [01;36m[K~~~~~~~~~~~~~~~~~~~~~~~~~~~~~~~~~~~~^~~[m[K
make[2]: *** [CMakeFiles/d455_handle.dir/build.make:63: CMakeFiles/d455_handle.dir/src/d455_handle.cpp.o] Error 1
make[1]: *** [CMakeFiles/Makefile2:241: CMakeFiles/d455_handle.dir/all] Error 2
make[1]: *** Waiting for unfinished jobs....
[ 75%] [32m[1mLinking CXX executable /home/pino/pino_ws/sercure_service/catkin_ws/devel/.private/peripherals_handle/lib/peripherals_handle/t265_handle[0m
[ 87%] [32m[1mLinking CXX executable /home/pino/pino_ws/sercure_service/catkin_ws/devel/.private/peripherals_handle/lib/peripherals_handle/flir_handle[0m
[ 87%] Built target t265_handle
[ 87%] Built target flir_handle
make: *** [Makefile:141: all] Error 2
